<?xml version="1.0" encoding="UTF-8"?>
<!-- Generated by org.testng.reporters.JUnitXMLReporter -->
<testsuite ignored="0" hostname="ACSEDP183" failures="0" tests="7" name="Default test" time="33.643" errors="0" timestamp="2023-12-21T13:27:37 IST">
  <testcase classname="CKYC.ICICI.CentralUser" name="loginCentralUser" time="2.905"/>
  <testcase classname="CKYC.ICICI.CentralUser" name="uploadDumpFile" time="5.83"/>
  <testcase classname="CKYC.ICICI.CentralUser" name="runImageService" time="1.106"/>
  <testcase classname="CKYC.ICICI.CentralUser" name="generateCkycBulkFile" time="3.846"/>
  <testcase classname="CKYC.ICICI.CentralUser" name="uploadCkycResponce" time="4.845"/>
  <testcase classname="CKYC.ICICI.CentralUser" name="ckycIdGeneretedReport" time="8.457"/>
  <testcase classname="CKYC.ICICI.CentralUser" name="gerneratePendingCustomerReport" time="4.739"/>
</testsuite> <!-- Default test -->
