<?xml version="1.0" encoding="UTF-8"?>
<!-- Generated by org.testng.reporters.JUnitXMLReporter -->
<testsuite ignored="13" hostname="ACSEDP183" failures="0" tests="11" name="Test" time="249.429" errors="0" timestamp="2023-12-22T11:40:57 IST">
  <testcase classname="CKYC.ICICI.CentralUser" name="loginCentralUser" time="179.008"/>
  <testcase classname="CKYC.ICICI.CentralUser" name="uploadDumpFile" time="8.917"/>
  <testcase classname="CKYC.ICICI.CentralUser" name="runImageService" time="1.326"/>
  <testcase classname="CKYC.ICICI.CentralUser" name="generateCkycBulkFile" time="7.706"/>
  <testcase classname="CKYC.ICICI.CentralUser" name="uploadCkycResponce" time="5.452"/>
  <testcase classname="CKYC.ICICI.CentralUser" name="ckycIdGeneretedReport" time="11.564"/>
  <testcase classname="CKYC.ICICI.CentralUser" name="gerneratePendingCustomerReport" time="6.048"/>
  <testcase classname="CKYC.ICICI.MakerUser" name="makerUserLogin" time="2.297"/>
  <testcase classname="CKYC.ICICI.MakerUser" name="pendingCustomerDetails" time="2.471"/>
  <testcase classname="CKYC.ICICI.MakerUser" name="pendingCustIsImgUpload" time="5.189"/>
  <testcase classname="CKYC.ICICI.AllSearch" name="allSearchDownload" time="17.323"/>
  <testcase classname="CKYC.ICICI.BaseClass" name="@BeforeSuite invokeBrowser" time="0.0">
    <ignored/>
  </testcase> <!-- @BeforeSuite invokeBrowser -->
  <testcase classname="CKYC.ICICI.BaseClass" name="@AfterTest tearDown" time="0.0">
    <ignored/>
  </testcase> <!-- @AfterTest tearDown -->
  <testcase classname="CKYC.ICICI.BaseClass" name="@AfterSuite closure" time="0.0">
    <ignored/>
  </testcase> <!-- @AfterSuite closure -->
  <testcase classname="CKYC.ICICI.BaseClass" name="@BeforeSuite invokeBrowser" time="0.0">
    <ignored/>
  </testcase> <!-- @BeforeSuite invokeBrowser -->
  <testcase classname="CKYC.ICICI.BaseClass" name="@BeforeSuite invokeBrowser" time="0.0">
    <ignored/>
  </testcase> <!-- @BeforeSuite invokeBrowser -->
  <testcase classname="CKYC.ICICI.BaseClass" name="@BeforeTest startReport" time="0.0">
    <ignored/>
  </testcase> <!-- @BeforeTest startReport -->
  <testcase classname="CKYC.ICICI.BaseClass" name="@AfterTest tearDown" time="0.0">
    <ignored/>
  </testcase> <!-- @AfterTest tearDown -->
  <testcase classname="CKYC.ICICI.MakerUser" name="searchAndDownload" time="0.0">
    <ignored/>
  </testcase> <!-- searchAndDownload -->
  <testcase classname="CKYC.ICICI.BaseClass" name="@AfterSuite closure" time="0.0">
    <ignored/>
  </testcase> <!-- @AfterSuite closure -->
  <testcase classname="CKYC.ICICI.BaseClass" name="@BeforeTest startReport" time="0.0">
    <ignored/>
  </testcase> <!-- @BeforeTest startReport -->
  <testcase classname="CKYC.ICICI.BaseClass" name="@AfterSuite closure" time="0.0">
    <ignored/>
  </testcase> <!-- @AfterSuite closure -->
  <testcase classname="CKYC.ICICI.BaseClass" name="@BeforeTest startReport" time="0.0">
    <ignored/>
  </testcase> <!-- @BeforeTest startReport -->
  <testcase classname="CKYC.ICICI.BaseClass" name="@AfterTest tearDown" time="0.0">
    <ignored/>
  </testcase> <!-- @AfterTest tearDown -->
</testsuite> <!-- Test -->
