<?xml version="1.0" encoding="UTF-8"?>
<testsuite xmlns:xsi="http://www.w3.org/2001/XMLSchema-instance" xsi:noNamespaceSchemaLocation="https://maven.apache.org/surefire/maven-surefire-plugin/xsd/surefire-test-report-3.0.xsd" version="3.0" name="TestSuite" time="254.821" tests="11" errors="0" skipped="0" failures="0">
  <properties>
[...]
</properties>
  <testcase name="loginCentralUser" classname="CKYC.ICICI.CentralUser" time="179.009">
    <system-out><![CDATA[Fri Dec 22 11:36:43 IST 2023 - Test Start
Fri Dec 22 11:36:43 IST 2023 - Browser Open
Fri Dec 22 11:36:43 IST 2023 - Central Loggedin
]]></system-out>
    <system-err><![CDATA[log4j:WARN No appenders could be found for logger (org.testng.TestNG).
log4j:WARN Please initialize the log4j system properly.
log4j:WARN See http://logging.apache.org/log4j/1.2/faq.html#noconfig for more info.
]]></system-err>
  </testcase>
  <testcase name="uploadDumpFile" classname="CKYC.ICICI.CentralUser" time="8.917">
    <system-out><![CDATA[Fri Dec 22 11:36:43 IST 2023 - Dump file upload started
Fri Dec 22 11:36:43 IST 2023 - Dump File detail already exists. Upload new file.
]]></system-out>
  </testcase>
  <testcase name="runImageService" classname="CKYC.ICICI.CentralUser" time="1.332">
    <system-out><![CDATA[Fri Dec 22 11:36:43 IST 2023 - Image Upload Service exe file executed
]]></system-out>
  </testcase>
  <testcase name="generateCkycBulkFile" classname="CKYC.ICICI.CentralUser" time="7.708">
    <system-out><![CDATA[Fri Dec 22 11:36:43 IST 2023 - CKYC Bulk File Generate Test Started
Fri Dec 22 11:36:43 IST 2023 - CKYC Bulk File --> File export failed - No records to export.
]]></system-out>
  </testcase>
  <testcase name="uploadCkycResponce" classname="CKYC.ICICI.CentralUser" time="5.463">
    <system-out><![CDATA[Fri Dec 22 11:36:43 IST 2023 - CKYC Responce upload started
Fri Dec 22 11:36:43 IST 2023 - File detail already exists. Upload new file.
]]></system-out>
  </testcase>
  <testcase name="ckycIdGeneretedReport" classname="CKYC.ICICI.CentralUser" time="11.567">
    <system-out><![CDATA[Fri Dec 22 11:36:43 IST 2023 - CKYC ID Grnerate Report Test Start
Fri Dec 22 11:36:43 IST 2023 - CKYC Generated ID No records found
]]></system-out>
  </testcase>
  <testcase name="gerneratePendingCustomerReport" classname="CKYC.ICICI.CentralUser" time="6.046">
    <system-out><![CDATA[Fri Dec 22 11:36:43 IST 2023 - Generating pending customer Report
Fri Dec 22 11:36:43 IST 2023 - Pending Customer Report : No Records 
]]></system-out>
  </testcase>
  <testcase name="makerUserLogin" classname="CKYC.ICICI.MakerUser" time="2.297">
    <system-out><![CDATA[Fri Dec 22 11:36:43 IST 2023 - Maker loggedin
]]></system-out>
  </testcase>
  <testcase name="pendingCustomerDetails" classname="CKYC.ICICI.MakerUser" time="2.471">
    <system-out><![CDATA[Fri Dec 22 11:36:43 IST 2023 - Total 40 Pending customer found for makers Entry
]]></system-out>
  </testcase>
  <testcase name="pendingCustIsImgUpload" classname="CKYC.ICICI.MakerUser" time="5.188">
    <system-out><![CDATA[Fri Dec 22 11:36:43 IST 2023 - Imag uploaded for select customer
]]></system-out>
  </testcase>
  <testcase name="allSearchDownload" classname="CKYC.ICICI.AllSearch" time="17.322">
    <system-out><![CDATA[Fri Dec 22 11:36:43 IST 2023 -  Multi Search and Download Started
Fri Dec 22 11:36:43 IST 2023 - Searching with Aadhar no
Fri Dec 22 11:36:43 IST 2023 - Searching with PAN no
Fri Dec 22 11:36:43 IST 2023 - Searching with VoterID
Fri Dec 22 11:36:43 IST 2023 - Searching with PassportNO
Fri Dec 22 11:36:43 IST 2023 - Searching with CKYCID
Fri Dec 22 11:36:43 IST 2023 - Invalid Aadhaar Number
Fri Dec 22 11:36:43 IST 2023 - Invalid PAN Number
Fri Dec 22 11:36:43 IST 2023 - Invalid Passport Number
Fri Dec 22 11:36:43 IST 2023 - Invalid CKYC Number
Fri Dec 22 11:36:43 IST 2023 - End Search and Download Test
]]></system-out>
  </testcase>
</testsuite>