<?xml version="1.0" encoding="UTF-8"?>
<!-- Generated by org.testng.reporters.JUnitXMLReporter -->
<testsuite ignored="13" hostname="ACSEDP183" failures="0" tests="11" name="Test" time="88.553" errors="0" timestamp="2023-12-21T18:06:39 IST">
  <testcase classname="CKYC.ICICI.CentralUser" name="loginCentralUser" time="27.518"/>
  <testcase classname="CKYC.ICICI.CentralUser" name="uploadDumpFile" time="6.78"/>
  <testcase classname="CKYC.ICICI.CentralUser" name="runImageService" time="1.242"/>
  <testcase classname="CKYC.ICICI.CentralUser" name="generateCkycBulkFile" time="4.722"/>
  <testcase classname="CKYC.ICICI.CentralUser" name="uploadCkycResponce" time="5.036"/>
  <testcase classname="CKYC.ICICI.CentralUser" name="ckycIdGeneretedReport" time="9.834"/>
  <testcase classname="CKYC.ICICI.CentralUser" name="gerneratePendingCustomerReport" time="5.42"/>
  <testcase classname="CKYC.ICICI.MakerUser" name="makerUserLogin" time="2.223"/>
  <testcase classname="CKYC.ICICI.MakerUser" name="pendingCustomerDetails" time="2.431"/>
  <testcase classname="CKYC.ICICI.MakerUser" name="pendingCustIsImgUpload" time="4.045"/>
  <testcase classname="CKYC.ICICI.AllSearch" name="allSearchDownload" time="17.106"/>
  <testcase classname="CKYC.ICICI.BaseClass" name="@AfterTest tearDown" time="0.0">
    <ignored/>
  </testcase> <!-- @AfterTest tearDown -->
  <testcase classname="CKYC.ICICI.BaseClass" name="@BeforeTest startReport" time="0.0">
    <ignored/>
  </testcase> <!-- @BeforeTest startReport -->
  <testcase classname="CKYC.ICICI.BaseClass" name="@AfterTest tearDown" time="0.0">
    <ignored/>
  </testcase> <!-- @AfterTest tearDown -->
  <testcase classname="CKYC.ICICI.BaseClass" name="@BeforeSuite invokeBrowser" time="0.0">
    <ignored/>
  </testcase> <!-- @BeforeSuite invokeBrowser -->
  <testcase classname="CKYC.ICICI.BaseClass" name="@AfterSuite closure" time="0.0">
    <ignored/>
  </testcase> <!-- @AfterSuite closure -->
  <testcase classname="CKYC.ICICI.BaseClass" name="@AfterSuite closure" time="0.0">
    <ignored/>
  </testcase> <!-- @AfterSuite closure -->
  <testcase classname="CKYC.ICICI.BaseClass" name="@BeforeTest startReport" time="0.0">
    <ignored/>
  </testcase> <!-- @BeforeTest startReport -->
  <testcase classname="CKYC.ICICI.BaseClass" name="@AfterTest tearDown" time="0.0">
    <ignored/>
  </testcase> <!-- @AfterTest tearDown -->
  <testcase classname="CKYC.ICICI.BaseClass" name="@BeforeSuite invokeBrowser" time="0.0">
    <ignored/>
  </testcase> <!-- @BeforeSuite invokeBrowser -->
  <testcase classname="CKYC.ICICI.BaseClass" name="@AfterSuite closure" time="0.0">
    <ignored/>
  </testcase> <!-- @AfterSuite closure -->
  <testcase classname="CKYC.ICICI.BaseClass" name="@BeforeTest startReport" time="0.0">
    <ignored/>
  </testcase> <!-- @BeforeTest startReport -->
  <testcase classname="CKYC.ICICI.MakerUser" name="searchAndDownload" time="0.0">
    <ignored/>
  </testcase> <!-- searchAndDownload -->
  <testcase classname="CKYC.ICICI.BaseClass" name="@BeforeSuite invokeBrowser" time="0.0">
    <ignored/>
  </testcase> <!-- @BeforeSuite invokeBrowser -->
</testsuite> <!-- Test -->
